<?xml version="1.0" encoding="UTF-8"?>
<!-- Generated by org.testng.reporters.JUnitReportReporter -->
<testsuite hostname="LAPTOP-LCTGBR4C" failures="0" tests="1" name="testng.BasicTestNG" time="0.018" errors="0" timestamp="2024-01-05T20:33:07 IST" skipped="0">
  <testcase classname="testng.BasicTestNG" name="testCase01" time="0.018"/>
  <system-out/>
</testsuite> <!-- testng.BasicTestNG -->
