<?xml version="1.0" encoding="UTF-8"?>
<!-- Generated by org.testng.reporters.JUnitReportReporter -->
<testsuite hostname="LAPTOP-LCTGBR4C" failures="0" tests="3" name="testng.BasicAnnotation" time="0.008" errors="0" timestamp="2024-01-05T20:33:07 IST" skipped="1">
  <testcase classname="testng.BasicAnnotation" name="testCase05" time="0.003"/>
  <system-out/>
  <testcase classname="testng.BasicAnnotation" name="testCase07" time="0.005"/>
  <system-out/>
  <testcase classname="testng.BasicAnnotation" name="testCase04">
    <skipped/>
  </testcase> <!-- testCase04 -->
  <system-out/>
</testsuite> <!-- testng.BasicAnnotation -->
