<?xml version="1.0" encoding="UTF-8"?>
<!-- Generated by org.testng.reporters.JUnitReportReporter -->
<testsuite hostname="LAPTOP-LCTGBR4C" failures="0" tests="2" name="testng.DataProviderTest" time="0.011" errors="0" timestamp="2024-01-22T19:30:27 IST" skipped="0">
  <testcase classname="testng.DataProviderTest" name="f" time="0.003"/>
  <system-out/>
  <testcase classname="testng.DataProviderTest" name="f" time="0.008"/>
  <system-out/>
</testsuite> <!-- testng.DataProviderTest -->
