<?xml version="1.0" encoding="UTF-8"?>
<!-- Generated by org.testng.reporters.JUnitReportReporter -->
<testsuite hostname="LAPTOP-LCTGBR4C" failures="0" tests="1" name="testng.ScrollTest" time="4.890" errors="0" timestamp="2024-01-23T19:42:00 IST" skipped="0">
  <testcase classname="testng.ScrollTest" name="scrollTest" time="4.890"/>
  <system-out/>
</testsuite> <!-- testng.ScrollTest -->
